<?xml version="1.0" encoding="UTF-8"?>
<!-- Generated by org.testng.reporters.JUnitReportReporter -->
<testsuite hostname="DESKTOP-6K1V059" name="com.API_Testing.TestCases.TC_2_verify_Status_Line" tests="1" failures="0" timestamp="1 Mar 2020 19:12:13 GMT" time="0.005" errors="0">
  <testcase name="verifyStatusLine" time="0.005" classname="com.API_Testing.TestCases.TC_2_verify_Status_Line"/>
</testsuite> <!-- com.API_Testing.TestCases.TC_2_verify_Status_Line -->
