<?xml version="1.0" encoding="UTF-8"?>
<!-- Generated by org.testng.reporters.JUnitReportReporter -->
<testsuite hostname="DESKTOP-6K1V059" name="com.API_Testing.TestCases.TC_4_verify_node_Name" tests="1" failures="0" timestamp="1 Mar 2020 17:06:27 GMT" time="0.850" errors="0">
  <testcase name="verifyAcceptanceCriteria_Name" time="0.850" classname="com.API_Testing.TestCases.TC_4_verify_node_Name"/>
</testsuite> <!-- com.API_Testing.TestCases.TC_4_verify_node_Name -->
