<?xml version="1.0" encoding="UTF-8"?>
<!-- Generated by org.testng.reporters.JUnitReportReporter -->
<testsuite hostname="DESKTOP-6K1V059" name="com.API_Testing.TestCases.TC_6_verify_node_Promotions" tests="1" failures="0" timestamp="1 Mar 2020 17:06:26 GMT" time="0.016" errors="0">
  <testcase name="verifyAcceptanceCriteria_Promotions" time="0.016" classname="com.API_Testing.TestCases.TC_6_verify_node_Promotions"/>
</testsuite> <!-- com.API_Testing.TestCases.TC_6_verify_node_Promotions -->
