<?xml version="1.0" encoding="UTF-8"?>
<!-- Generated by org.testng.reporters.JUnitReportReporter -->
<testsuite hostname="DESKTOP-6K1V059" name="com.API_Testing.TestCases.TC_5_verify_node_CanRelist" tests="1" failures="0" timestamp="1 Mar 2020 18:42:48 GMT" time="0.037" errors="0">
  <testcase name="verifyAcceptanceCriteria_CanRelist" time="0.037" classname="com.API_Testing.TestCases.TC_5_verify_node_CanRelist"/>
</testsuite> <!-- com.API_Testing.TestCases.TC_5_verify_node_CanRelist -->
