<?xml version="1.0" encoding="UTF-8"?>
<!-- Generated by org.testng.reporters.JUnitReportReporter -->
<testsuite hostname="DESKTOP-6K1V059" name="com.API_Testing.TestCases.TC_1_verify_Status_Code" tests="1" failures="0" timestamp="1 Mar 2020 19:12:13 GMT" time="0.074" errors="0">
  <testcase name="verifyStatusCode" time="0.074" classname="com.API_Testing.TestCases.TC_1_verify_Status_Code"/>
</testsuite> <!-- com.API_Testing.TestCases.TC_1_verify_Status_Code -->
