<?xml version="1.0" encoding="UTF-8"?>
<!-- Generated by org.testng.reporters.JUnitReportReporter -->
<testsuite hostname="DESKTOP-6K1V059" name="com.API_Testing.TestCases.TC_3_verify_Headers" tests="1" failures="0" timestamp="1 Mar 2020 19:12:13 GMT" time="0.001" errors="0">
  <testcase name="verifyHeaders" time="0.001" classname="com.API_Testing.TestCases.TC_3_verify_Headers"/>
</testsuite> <!-- com.API_Testing.TestCases.TC_3_verify_Headers -->
